<?xml version="1.0" encoding="UTF-8"?>
<testng-results skipped="0" failed="0" ignored="0" total="1" passed="1">
  <reporter-output>
  </reporter-output>
  <suite name="Default suite" duration-ms="16417" started-at="2017-11-08T21:33:05Z" finished-at="2017-11-08T21:33:22Z">
    <groups>
    </groups>
    <test name="Default test" duration-ms="16417" started-at="2017-11-08T21:33:05Z" finished-at="2017-11-08T21:33:22Z">
      <class name="projects.project1.testcases.Selenium">
        <test-method status="PASS" signature="SeleniumTest(java.lang.String)[pri:0, instance:projects.project1.testcases.Selenium@7ceb3185]" name="SeleniumTest" duration-ms="16399" started-at="2017-11-08T22:33:05Z" data-provider="dataProvider" finished-at="2017-11-08T22:33:22Z">
          <params>
            <param index="0">
              <value>
                <![CDATA[data one]]>
              </value>
            </param>
          </params>
          <reporter-output>
          </reporter-output>
        </test-method> <!-- SeleniumTest -->
      </class> <!-- projects.project1.testcases.Selenium -->
    </test> <!-- Default test -->
  </suite> <!-- Default suite -->
</testng-results>
