<?xml version="1.0" encoding="UTF-8"?>
<testng-results skipped="0" failed="0" ignored="0" total="1" passed="1">
  <reporter-output>
  </reporter-output>
  <suite name="Suite" duration-ms="26427" started-at="2017-10-23T18:37:30Z" finished-at="2017-10-23T18:37:56Z">
    <groups>
    </groups>
    <test name="Test" duration-ms="26427" started-at="2017-10-23T18:37:30Z" finished-at="2017-10-23T18:37:56Z">
      <class name="test.commons.global.selenium.Selenium">
        <test-method status="PASS" signature="Selenium(java.lang.String)[pri:0, instance:test.commons.global.selenium.Selenium@3899782c]" name="Selenium" duration-ms="26408" started-at="2017-10-23T20:37:30Z" data-provider="dataProvider" finished-at="2017-10-23T20:37:56Z">
          <params>
            <param index="0">
              <value>
                <![CDATA[data one]]>
              </value>
            </param>
          </params>
          <reporter-output>
          </reporter-output>
        </test-method> <!-- Selenium -->
      </class> <!-- test.commons.global.selenium.Selenium -->
    </test> <!-- Test -->
  </suite> <!-- Suite -->
</testng-results>
